<?xml version="1.0" encoding="UTF-8"?>
<!-- Generated by org.testng.reporters.JUnitReportReporter -->
<testsuite name="com.qa2.hubspot2.tests.HomePageTest" tests="3" time="3.098" ignored="0" failures="0" timestamp="18 Aug 2020 22:35:28 GMT" skipped="0" hostname="DESKTOP-18F4G47" errors="0">
  <testcase name="verifyLoggedInUserTest" time="0.090" classname="com.qa2.hubspot2.tests.HomePageTest"/>
  <testcase name="verifyHomePageTitle" time="0.017" classname="com.qa2.hubspot2.tests.HomePageTest"/>
  <testcase name="verifyHomePageHeader" time="2.991" classname="com.qa2.hubspot2.tests.HomePageTest"/>
</testsuite> <!-- com.qa2.hubspot2.tests.HomePageTest -->
