<?xml version="1.0" encoding="UTF-8"?>
<!-- Generated by org.testng.reporters.JUnitReportReporter -->
<testsuite name="com.qa2.hubspot2.tests.LoginPageTest" tests="3" time="8.049" ignored="0" failures="0" timestamp="18 Aug 2020 21:50:20 GMT" skipped="0" hostname="DESKTOP-18F4G47" errors="0">
  <testcase name="loginTest" time="0.915" classname="com.qa2.hubspot2.tests.LoginPageTest"/>
  <testcase name="verifySignUpLink" time="7.090" classname="com.qa2.hubspot2.tests.LoginPageTest"/>
  <testcase name="verifyLoginPageTitleTest" time="0.044" classname="com.qa2.hubspot2.tests.LoginPageTest"/>
</testsuite> <!-- com.qa2.hubspot2.tests.LoginPageTest -->
